2
Dumping Log 2,    start pg 3,   end pg 57
id    longitude    latitude    altitude    pitch    roll    yaw
0    109.3740300    23.7204800    86.1700    -1.89    -3.85    176.76
1    109.3740400    23.7204800    86.0300    -2.78    -8.70    192.48
2    109.3727600    23.7236670    542.8400    4.84    9.54    167.06
3    109.3729600    23.7232550    540.0800    1.20    -7.99    165.20
4    109.3732500    23.7228740    540.4300    2.45    3.33    161.23
5    109.3734700    23.7224690    538.9000    3.00    -6.18    169.75
6    109.3737500    23.7220820    536.4800    1.34    1.46    160.98
7    109.3740000    23.7216820    537.7500    3.46    -9.08    167.52
8    109.3742800    23.7213080    533.0800    -0.52    3.33    158.60
9    109.3745100    23.7208920    535.7000    2.41    -12.94    163.70
10    109.3748100    23.7205090    534.0100    3.82    9.26    168.73
11    109.3750300    23.7201020    534.9000    4.89    -3.17    173.41
12    109.3753000    23.7197210    537.6500    4.53    5.95    171.98
13    109.3755300    23.7193260    535.8300    0.88    0.38    166.19
14    109.3758100    23.7189480    536.0600    1.33    -0.93    162.43
15    109.3760800    23.7185340    537.7300    3.10    2.50    161.74
16    109.3763000    23.7181490    538.4300    8.44    0.29    184.28
17    109.3765500    23.7177490    539.6700    4.34    4.46    168.05
18    109.3768200    23.7173600    538.1500    7.27    1.73    177.98
19    109.3771000    23.7169720    536.4700    2.22    9.24    160.99
20    109.3773000    23.7165430    534.8400    4.91    -14.88    173.12
21    109.3775700    23.7161640    536.4700    4.14    7.18    154.64
22    109.3778500    23.7157630    534.0800    1.83    -6.89    161.57
23    109.3781300    23.7153890    533.8300    2.24    1.41    163.77
24    109.3783400    23.7149830    534.8900    1.41    -7.45    154.69
25    109.3786100    23.7145920    533.5000    3.28    -0.27    164.57
26    109.3788500    23.7141840    537.8700    5.02    2.12    165.41
27    109.3791400    23.7137990    544.2700    1.32    -2.59    158.87
28    109.3794200    23.7134110    541.9300    0.81    -1.21    160.20
29    109.3796800    23.7130280    542.1400    6.61    0.86    181.87
30    109.3799300    23.7126200    544.4100    1.77    4.87    162.03
31    109.3801700    23.7122170    546.6900    3.68    -8.50    171.80
32    109.3804000    23.7118150    544.6400    4.18    -1.84    150.86
33    109.3806800    23.7114300    543.5100    7.64    7.51    180.10
34    109.3808900    23.7110200    542.0600    -0.60    -7.59    152.22
35    109.3811900    23.7106510    545.0400    -0.63    0.30    161.99
36    109.3814400    23.7102490    543.4200    10.67    1.36    170.24
37    109.3817100    23.7098640    546.5600    4.44    -0.57    160.58
38    109.3819500    23.7094650    544.0500    7.94    6.38    173.76
39    109.3821800    23.7090490    541.7100    0.36    -5.05    160.55
40    109.3824400    23.7086660    547.4800    -9.04    3.82    166.47
41    109.3827000    23.7082630    548.5600    -0.10    -5.48    162.10
42    109.3829300    23.7078720    542.8500    6.75    -4.01    166.80
43    109.3832200    23.7074990    542.7500    -0.91    4.13    149.98
44    109.3834900    23.7071020    548.7000    -8.73    -2.57    174.73
45    109.3837300    23.7066940    541.3300    7.77    1.27    166.41
46    109.3839900    23.7063030    544.3400    1.40    -6.15    156.31
47    109.3842700    23.7059140    544.2800    2.48    2.86    161.50
48    109.3845400    23.7055260    546.6600    4.28    -2.16    167.55
49    109.3847600    23.7051110    543.4500    7.29    -3.29    170.32
50    109.3850500    23.7047330    542.1200    1.18    2.19    167.65
51    109.3852700    23.7042940    543.9400    -1.73    -16.05    162.88
52    109.3855400    23.7039430    543.2700    11.96    16.10    165.13
53    109.3862700    23.7047460    527.9300    -4.76    -3.45    327.16
54    109.3860500    23.7051830    523.7400    -3.98    -7.95    312.66
55    109.3858300    23.7055850    520.2600    -0.06    -12.16    319.63
56    109.3855700    23.7060170    517.5100    3.16    3.22    331.92
57    109.3853100    23.7064400    516.4800    0.45    -3.88    308.15
58    109.3850400    23.7068420    517.1600    -0.19    -2.11    298.90
59    109.3847800    23.7072530    514.8300    1.45    -12.25    313.85
60    109.3845100    23.7076300    515.1500    1.87    3.40    314.02
61    109.3842500    23.7080140    512.2700    7.46    1.78    326.36
62    109.3840100    23.7084100    511.8200    1.82    -9.19    304.41
63    109.3836900    23.7087960    511.9500    6.26    7.38    323.77
64    109.3834000    23.7092000    513.2800    7.78    6.68    337.83
65    109.3831300    23.7096200    516.8800    8.99    6.68    342.58
66    109.3828900    23.7100180    520.8400    3.65    6.29    331.94
67    109.3826400    23.7104130    520.4400    -1.30    1.56    314.37
68    109.3824000    23.7108120    519.3400    0.77    -3.62    303.58
69    109.3821600    23.7112100    516.9100    1.30    -4.13    300.76
70    109.3818700    23.7115970    515.4200    3.47    1.38    317.96
71    109.3815900    23.7119920    515.0200    9.65    2.71    337.15
72    109.3813100    23.7123870    517.8400    7.24    9.29    338.92
73    109.3810600    23.7127800    519.6000    0.92    3.43    333.05
74    109.3807900    23.7131710    519.7400    -0.68    6.94    324.52
75    109.3805100    23.7135730    520.7600    -0.28    0.93    310.50
76    109.3802300    23.7139820    521.9000    2.17    2.55    309.38
77    109.3799500    23.7143990    524.4400    4.55    -2.00    327.20
78    109.3796800    23.7147960    526.5800    8.50    6.70    345.93
79    109.3794200    23.7151930    529.2600    3.07    18.36    337.49
80    109.3791500    23.7156090    531.1500    0.83    1.86    337.40
81    109.3789300    23.7160130    532.0700    0.03    -1.04    326.42
82    109.3787000    23.7164170    533.8000    2.16    -5.41    304.72
83    109.3784500    23.7168410    535.5100    6.15    -8.36    329.88
84    109.3782000    23.7172600    536.4400    6.73    -0.91    340.30
85    109.3779600    23.7176510    536.1500    2.11    0.62    322.57
86    109.3777200    23.7180600    535.9300    -0.04    -7.05    308.43
87    109.3774700    23.7184600    535.5000    0.27    -12.28    290.28
88    109.3771900    23.7188680    535.3100    1.58    -2.46    312.88
89    109.3769500    23.7192710    534.9300    7.13    -0.73    328.81
90    109.3767000    23.7196640    538.2600    11.66    1.94    338.36
91    109.3764300    23.7200680    539.8800    2.71    -4.61    319.70
92    109.3761500    23.7204800    538.0200    -1.02    0.16    308.21
93    109.3759000    23.7208790    537.1800    2.82    -16.29    311.18
94    109.3756400    23.7212960    538.4400    1.96    -2.35    300.09
95    109.3753600    23.7217010    538.0000    2.31    -10.47    309.28
96    109.3750900    23.7221050    537.2700    1.62    -2.93    308.91
97    109.3747900    23.7225090    537.5900    6.42    0.82    325.97
98    109.3745400    23.7229190    539.1100    6.04    -2.48    322.71
99    109.3742800    23.7233240    541.9700    5.08    -2.78    321.11
100    109.3740000    23.7237070    542.1100    6.35    5.08    321.32
101    109.3737200    23.7241130    540.9500    8.11    4.44    331.99
102    109.3747700    23.7247850    528.3700    6.42    7.97    178.24
103    109.3749200    23.7243480    528.9500    3.12    -6.65    166.72
104    109.3752300    23.7239700    528.1800    0.75    3.07    158.80
105    109.3754700    23.7235720    529.4300    1.07    -8.35    154.68
106    109.3757500    23.7231860    528.2800    2.76    3.60    156.01
107    109.3759800    23.7227750    531.3100    5.49    0.22    171.43
108    109.3762700    23.7223950    534.9800    3.52    7.24    163.55
109    109.3765100    23.7219920    537.4500    7.67    -1.79    183.13
110    109.3767800    23.7215940    539.0300    0.69    9.58    162.06
111    109.3770500    23.7212090    546.0200    3.11    -3.99    161.68
112    109.3772800    23.7208080    545.1800    1.85    -4.28    155.64
113    109.3775300    23.7204070    543.6400    -0.88    0.66    159.04
114    109.3777700    23.7200090    549.6300    -6.31    -2.71    162.93
115    109.3780200    23.7196140    543.7100    8.17    -0.22    165.07
116    109.3783200    23.7192230    542.1800    1.47    -5.24    158.58
117    109.3785900    23.7188430    545.6100    4.15    1.92    164.12
118    109.3788100    23.7184390    544.5400    5.86    -1.25    168.98
119    109.3790800    23.7180370    542.8800    6.70    5.93    176.74
120    109.3793300    23.7176360    543.2900    -0.41    -2.18    155.38
121    109.3795700    23.7172370    548.9100    -8.01    2.13    167.98
122    109.3798400    23.7168310    547.3000    7.30    -6.57    148.55
123    109.3801300    23.7164540    544.0200    7.80    2.27    167.92
124    109.3803600    23.7160550    543.6500    0.78    -3.76    153.98
125    109.3806500    23.7156770    546.2600    -0.71    3.09    166.20
126    109.3808900    23.7152630    549.3900    -4.94    -1.36    161.68
127    109.3811200    23.7148570    543.6800    12.96    4.17    179.86
128    109.3813800    23.7144430    540.9400    1.22    3.44    156.03
129    109.3816300    23.7140460    544.6900    1.30    -3.98    161.60
130    109.3819000    23.7136570    547.2500    -7.66    -4.16    154.92
131    109.3821900    23.7132910    547.8400    0.34    4.93    160.24
132    109.3824800    23.7129040    545.0100    9.13    4.60    177.65
133    109.3827100    23.7125050    540.3000    2.86    2.35    168.87
134    109.3829300    23.7120970    541.7200    -0.86    -9.21    151.84
135    109.3831800    23.7117160    546.2700    7.44    -10.93    166.71
136    109.3834600    23.7113340    539.9900    2.85    0.51    149.21
137    109.3837200    23.7109340    541.8900    2.99    -12.89    166.23
138    109.3839900    23.7105480    542.8100    2.88    1.53    158.90
139    109.3842500    23.7101540    543.5400    2.30    -0.09    164.90
140    109.3845200    23.7097840    543.0300    4.38    11.51    168.00
141    109.3847300    23.7093560    543.8600    2.54    -8.75    162.74
142    109.3850100    23.7089710    545.4900    4.83    9.05    162.36
143    109.3852400    23.7085610    545.9700    6.00    -3.95    169.82
144    109.3855000    23.7081530    544.9000    2.50    -3.61    147.43
145    109.3857700    23.7077750    542.9200    2.76    -0.35    155.22
146    109.3859500    23.7073480    548.3800    -6.47    -12.91    163.05
147    109.3862400    23.7069660    544.6300    10.19    7.98    156.77
148    109.3865400    23.7065870    539.4700    6.14    1.15    173.89
149    109.3867900    23.7061980    547.3900    0.70    -7.61    152.45
150    109.3870700    23.7058200    548.8600    -3.21    5.63    163.76
151    109.3872500    23.7053950    549.7900    2.14    -8.80    163.05
152    109.3875400    23.7050020    543.5700    5.00    12.03    162.07
153    109.3878000    23.7045750    540.2800    0.17    -4.28    154.75
154    109.3887700    23.7052210    541.5500    -3.08    -12.10    315.17
155    109.3885400    23.7056310    536.2900    0.61    -4.68    324.56
156    109.3882900    23.7060470    533.9300    5.96    0.82    332.65
157    109.3880100    23.7064550    534.3500    1.35    -0.94    324.82
158    109.3877300    23.7068630    534.7800    -1.60    -1.14    320.41
159    109.3874400    23.7072790    535.2900    -0.16    -3.67    312.80
160    109.3871800    23.7076870    537.4700    1.34    -3.02    307.70
161    109.3868900    23.7080940    539.5700    4.21    -0.41    318.53
162    109.3866300    23.7084980    540.2100    6.28    0.94    333.24
163    109.3863800    23.7089080    542.4600    5.93    -0.67    337.82
164    109.3861200    23.7093140    546.0400    -0.33    -5.31    320.09
165    109.3858600    23.7097190    546.8600    -11.08    -3.32    309.99
166    109.3856000    23.7101060    543.4000    2.94    -3.49    317.00
167    109.3853300    23.7105260    546.3900    10.84    5.64    339.93
168    109.3850900    23.7109390    544.5600    2.82    -2.59    326.34
169    109.3848000    23.7113460    545.6800    3.84    6.80    319.61
170    109.3845400    23.7117390    548.1900    -11.59    -0.59    308.70
171    109.3842300    23.7121470    542.7900    5.83    1.12    317.30
172    109.3839300    23.7125570    549.1500    1.13    -3.05    342.41
173    109.3836500    23.7129590    543.3700    2.05    13.09    337.25
174    109.3833800    23.7133520    547.5200    6.16    3.80    325.83
175    109.3831300    23.7137600    545.6300    -1.39    0.72    322.49
176    109.3828900    23.7141610    547.5200    0.70    -2.42    320.04
177    109.3826400    23.7145770    545.6200    -3.67    -8.90    320.09
178    109.3823900    23.7149640    545.4400    11.89    6.97    337.22
179    109.3821200    23.7153640    547.1200    -13.57    13.01    323.01
180    109.3818500    23.7157610    546.7500    9.17    0.15    337.62
181    109.3815900    23.7161710    547.1100    -13.84    5.17    321.66
182    109.3813100    23.7165740    546.7900    8.47    4.68    317.18
183    109.3810700    23.7169670    545.9800    -2.75    -5.31    318.88
184    109.3808400    23.7173770    545.7100    9.71    -3.64    329.49
185    109.3805700    23.7177960    544.8500    5.32    3.22    327.49
186    109.3803300    23.7182030    549.5100    0.29    -4.25    339.37
187    109.3800800    23.7185920    544.5500    0.50    3.72    317.79
188    109.3797900    23.7190000    547.9400    6.68    5.15    336.36
189    109.3795500    23.7193970    544.8500    0.99    0.94    329.16
190    109.3793200    23.7197930    543.1800    10.34    1.13    332.23
191    109.3790700    23.7201880    546.5500    1.39    5.19    310.38
192    109.3788500    23.7206080    545.8500    1.11    -2.51    299.33
193    109.3785700    23.7210250    544.2200    2.96    -5.10    294.32
194    109.3783200    23.7214370    545.5200    3.10    -11.74    307.00
195    109.3780500    23.7218280    544.4900    1.90    -4.71    289.99
196    109.3777400    23.7222120    544.1800    5.00    5.08    301.16
197    109.3774700    23.7226240    544.0700    1.38    -3.49    309.59
198    109.3771700    23.7230260    545.0700    -1.37    -5.06    304.69
199    109.3769000    23.7234000    543.5700    0.22    7.24    311.54
200    109.3766600    23.7238030    543.5500    4.28    -11.32    317.68
201    109.3764000    23.7241990    542.6300    0.70    -3.13    298.48
202    109.3761000    23.7245960    542.0600    5.96    5.50    311.09
203    109.3758300    23.7249770    542.9100    9.42    12.34    310.78
204    109.3755900    23.7254490    539.0000    4.36    -15.92    327.46
205    109.3767200    23.7259750    516.1800    3.97    6.02    157.59
206    109.3769400    23.7255690    517.8800    4.42    -9.69    157.85
207    109.3771900    23.7251640    519.7700    4.00    2.00    152.20
208    109.3774300    23.7247540    521.2200    5.16    3.67    161.90
209    109.3777000    23.7243770    524.5900    2.13    -3.38    155.10
210    109.3780000    23.7239840    526.8600    1.49    -3.41    156.35
211    109.3782700    23.7236000    524.8900    5.66    4.71    176.20
212    109.3785300    23.7232090    521.6500    1.95    -3.10    167.37
213    109.3787900    23.7228070    519.9400    3.58    -3.25    161.25
214    109.3790000    23.7223950    516.1300    3.35    -4.67    166.86
215    109.3792800    23.7220130    509.2200    0.13    10.71    155.17
216    109.3794900    23.7216010    514.1200    12.77    2.10    178.57
217    109.3797800    23.7212140    518.0700    3.02    0.54    147.62
218    109.3800600    23.7208440    520.6900    6.31    3.92    174.46
219    109.3802900    23.7204510    521.2700    1.25    -2.74    155.32
220    109.3804900    23.7200130    528.3500    6.76    -7.77    169.86
221    109.3807500    23.7196450    531.8100    3.58    0.17    149.64
222    109.3810000    23.7192480    535.0800    6.94    0.44    173.23
223    109.3813000    23.7188570    537.2400    5.17    6.74    168.25
224    109.3815500    23.7184730    539.6100    1.79    -0.78    154.41
225    109.3818200    23.7180920    539.3800    3.52    -3.50    158.22
226    109.3820800    23.7176910    539.3400    3.05    7.67    164.73
227    109.3823200    23.7172990    538.9700    1.95    -3.63    160.74
228    109.3825700    23.7169060    539.2000    3.18    5.66    162.98
229    109.3828400    23.7165070    540.7600    3.33    -8.91    152.38
230    109.3831200    23.7161180    543.7500    5.55    3.03    168.36
231    109.3833700    23.7157150    545.3600    1.11    -1.90    151.42
232    109.3836700    23.7153300    544.4500    2.52    8.70    178.24
233    109.3839100    23.7149240    548.6500    -3.99    -7.64    161.29
234    109.3841800    23.7145390    542.6900    3.28    1.88    165.06
235    109.3844500    23.7141480    542.9200    1.69    0.72    164.75
236    109.3846700    23.7137430    546.6000    -7.24    -3.00    166.86
237    109.3849200    23.7133460    544.6400    10.09    3.46    177.30
238    109.3851900    23.7129400    542.5900    1.47    4.78    161.66
239    109.3854400    23.7125470    542.7400    0.22    -7.04    160.08
240    109.3856700    23.7121350    546.4400    3.19    -2.10    158.44
241    109.3859600    23.7117670    547.0600    6.80    7.78    168.30
242    109.3862000    23.7113530    542.2600    6.89    -7.17    168.64
243    109.3864600    23.7109620    544.6200    2.18    1.73    157.29
244    109.3867300    23.7105710    542.6600    -0.61    -4.65    154.67
245    109.3870100    23.7101860    542.5700    1.67    2.49    157.90
246    109.3872400    23.7097850    540.2300    5.65    -2.05    174.18
247    109.3875000    23.7093890    540.4800    1.85    0.65    156.36
248    109.3877800    23.7090030    539.7900    6.09    1.18    177.41
249    109.3880500    23.7086200    540.5300    3.93    3.44    164.44
250    109.3882800    23.7082020    540.5100    3.90    -8.75    165.44
251    109.3885700    23.7078380    540.4300    2.17    9.88    163.94
252    109.3887700    23.7074180    538.4700    2.98    -10.34    167.29
253    109.3890700    23.7070480    533.4400    3.98    12.64    170.30
254    109.3892200    23.7066120    529.3100    1.48    -11.36    150.93
255    109.3895800    23.7062840    523.4200    2.15    9.47    165.95
256    109.3896900    23.7058450    524.2300    4.22    -16.40    172.48
257    109.3908800    23.7064610    526.8500    -3.64    -26.08    297.75
258    109.3905300    23.7067930    526.2900    -0.65    21.10    316.62
259    109.3902400    23.7071990    528.1900    0.22    1.44    315.52
260    109.3899400    23.7076360    528.6500    -0.30    0.75    327.39
261    109.3896900    23.7079810    528.9700    2.42    6.83    335.83
262    109.3894000    23.7083930    530.5900    -2.69    4.13    311.03
263    109.3891600    23.7087400    528.0500    -0.11    0.61    319.52
264    109.3888800    23.7091330    523.4600    -2.97    18.16    328.28
265    109.3886000    23.7095550    525.7700    3.18    2.48    301.92
266    109.3883100    23.7099490    521.3400    4.20    20.01    341.58
267    109.3880500    23.7103580    522.5100    -0.51    11.53    320.96
268    109.3878400    23.7107700    522.1300    1.55    -1.05    317.01
269    109.3876200    23.7111800    519.5600    2.27    -0.21    330.95
270    109.3873700    23.7115880    516.6300    5.18    5.76    338.61
271    109.3871000    23.7119870    517.1700    5.79    5.28    335.63
272    109.3868200    23.7124000    518.6600    2.71    6.14    328.26
273    109.3865700    23.7128030    519.7400    -1.72    -0.13    316.59
274    109.3863400    23.7132050    519.1000    1.17    -6.55    304.49
275    109.3860900    23.7135980    518.8500    0.41    -0.50    308.39
276    109.3858300    23.7140010    517.5800    1.74    -5.28    316.01
277    109.3855900    23.7144130    517.4400    3.64    -7.10    324.31
278    109.3853300    23.7148130    517.7100    6.23    1.20    335.93
279    109.3850900    23.7152160    517.9900    4.18    -6.35    324.40
280    109.3848300    23.7156180    517.2300    -1.61    -1.87    308.73
281    109.3845600    23.7160280    515.6300    0.69    -7.50    306.77
282    109.3842900    23.7164360    514.3000    0.60    -3.30    294.09
283    109.3840400    23.7168540    512.9300    2.18    -13.88    313.84
284    109.3837700    23.7172740    512.8400    4.04    -5.67    322.55
285    109.3834600    23.7176510    510.6300    4.77    9.41    325.06
286    109.3831600    23.7180370    509.5000    6.81    9.43    338.73
287    109.3828600    23.7184620    509.5100    2.15    10.88    331.89
288    109.3826100    23.7188210    508.4800    2.24    8.73    330.34
289    109.3823600    23.7192100    508.1800    0.67    0.18    315.46
290    109.3821000    23.7196060    507.3700    3.22    0.10    312.92
291    109.3818500    23.7200090    507.7600    2.24    -0.09    313.14
292    109.3815800    23.7204150    506.9800    2.85    0.70    316.39
293    109.3813200    23.7208330    505.4400    8.14    3.65    332.70
294    109.3810800    23.7212520    504.7900    7.74    -0.76    337.76
295    109.3808100    23.7216640    505.8200    8.09    2.32    334.10
296    109.3805300    23.7220590    506.5100    5.43    7.58    332.54
297    109.3802900    23.7224620    509.0800    3.28    2.81    329.32
298    109.3800600    23.7228850    510.7700    2.20    -6.03    323.44
299    109.3798000    23.7232910    511.4100    0.29    0.29    316.69
300    109.3795300    23.7237030    509.4600    -1.65    0.87    316.96
301    109.3792600    23.7240910    508.8200    -0.11    1.95    309.66
302    109.3790100    23.7244870    507.6700    2.50    -11.09    308.48
303    109.3787400    23.7248760    506.4400    4.42    3.40    309.71
304    109.3784500    23.7252830    505.2000    9.52    4.57    335.39
305    109.3781700    23.7257040    508.3800    10.02    1.88    341.77
306    109.3779200    23.7261120    509.6500    4.08    1.86    334.33
307    109.3776600    23.7265110    511.6200    1.49    -4.77    316.86
308    109.3786500    23.7272300    514.0800    2.21    18.64    157.99
309    109.3789100    23.7268220    518.3100    -0.99    -4.49    164.70
310    109.3791600    23.7264190    519.1800    0.84    4.89    162.79
311    109.3794400    23.7260270    518.7900    1.07    -5.10    161.93
312    109.3797000    23.7256390    518.7100    2.46    -4.34    162.81
313    109.3799700    23.7252350    519.1500    2.72    4.41    169.05
314    109.3802100    23.7248290    520.6800    1.89    -6.00    154.24
315    109.3804600    23.7244380    520.7200    4.77    0.82    170.56
316    109.3807200    23.7240390    521.2300    1.63    1.33    161.57
317    109.3809500    23.7236270    526.4400    3.22    -9.07    146.12
318    109.3812300    23.7232280    524.8300    3.55    2.79    166.19
319    109.3814900    23.7228450    526.4900    0.34    5.02    154.90
320    109.3817700    23.7224600    528.1600    3.66    -0.43    168.62
321    109.3820600    23.7220710    528.0800    -1.14    5.52    164.14
322    109.3822900    23.7216570    531.4600    4.02    -8.53    161.10
323    109.3825400    23.7212620    533.6200    3.15    6.55    165.32
324    109.3827800    23.7208730    533.6500    3.01    -3.87    163.28
325    109.3830300    23.7204820    531.6900    2.00    -2.99    158.98
326    109.3832900    23.7200790    532.6200    0.98    -3.84    152.43
327    109.3835700    23.7196880    531.8700    2.33    0.77    160.77
328    109.3838200    23.7192880    531.0800    2.98    -0.09    165.47
329    109.3840900    23.7188990    529.6200    5.08    7.26    172.12
330    109.3843700    23.7185100    527.8200    5.88    7.14    179.47
331    109.3846300    23.7181280    525.0700    2.32    6.28    162.90
332    109.3848700    23.7177300    523.9800    3.60    1.01    169.23
333    109.3851000    23.7173210    522.4100    3.00    4.54    166.64
334    109.3853500    23.7169400    524.3300    3.08    0.34    161.54
335    109.3856300    23.7165450    522.2900    1.56    -7.59    155.76
336    109.3859100    23.7161560    519.9500    3.01    2.44    168.72
337    109.3861200    23.7157480    517.9500    2.36    -5.43    156.91
338    109.3863800    23.7153510    512.8500    -0.06    5.96    152.02
339    109.3866000    23.7149330    519.2800    3.16    -11.91    162.56
340    109.3868400    23.7145400    523.9500    2.46    -4.29    151.19
341    109.3871500    23.7141610    524.8300    2.58    2.37    157.53
342    109.3873800    23.7137570    525.3600    3.77    2.58    164.87
343    109.3876300    23.7133520    530.8100    3.35    -4.15    161.37
344    109.3879000    23.7129710    528.9400    1.26    -3.18    153.83
345    109.3882200    23.7126160    533.7100    6.00    9.11    168.27
346    109.3884700    23.7122170    530.3900    2.26    -3.36    170.92
347    109.3887300    23.7118130    527.9000    2.38    0.76    163.11
348    109.3889400    23.7113860    532.1100    0.97    -11.40    152.55
349    109.3892400    23.7109870    536.2300    4.32    4.75    169.74
350    109.3894800    23.7105940    533.9800    5.95    0.39    170.15
351    109.3897600    23.7102090    530.9500    2.85    2.01    168.54
352    109.3900000    23.7098160    535.2400    1.65    -8.46    152.79
353    109.3902800    23.7094350    532.9100    5.71    0.26    179.80
354    109.3904900    23.7090170    529.2500    -0.40    0.42    157.55
355    109.3907500    23.7086410    532.0100    4.24    -1.38    165.87
356    109.3910100    23.7082520    530.0600    4.96    -0.12    172.05
357    109.3912800    23.7078720    528.6800    4.24    4.30    169.69
358    109.3915300    23.7074660    527.1000    5.54    -1.36    179.54
359    109.3917900    23.7070830    522.0100    0.01    5.66    168.96
360    109.3926400    23.7076380    506.8200    -1.85    -6.45    309.96
361    109.3924300    23.7080840    500.9100    -2.83    -7.17    314.06
362    109.3921900    23.7085090    497.1300    3.35    -5.63    314.13
363    109.3919400    23.7088990    496.9400    8.19    2.74    327.88
364    109.3916800    23.7092950    500.3100    5.33    3.36    319.65
365    109.3914300    23.7096960    504.4700    6.11    -3.63    302.32
366    109.3912000    23.7101140    507.3100    3.92    -12.55    311.27
367    109.3909400    23.7105050    508.2600    8.05    1.91    328.45
368    109.3906600    23.7109070    508.3600    7.42    3.33    333.56
369    109.3903700    23.7113130    507.7100    2.81    2.31    326.51
370    109.3900900    23.7117100    508.5100    -0.46    6.36    312.51
371    109.3897900    23.7121450    510.4900    -0.08    3.29    304.94
372    109.3895600    23.7125210    510.8900    1.57    0.16    301.92
373    109.3893100    23.7129290    510.1900    2.56    -3.41    300.98
374    109.3890500    23.7133290    509.2900    1.52    -4.45    298.54
375    109.3888100    23.7137300    509.2800    0.93    -2.61    302.52
376    109.3885600    23.7141360    508.8600    1.59    -7.93    308.61
377    109.3882900    23.7145440    507.1100    2.27    -3.68    316.31
378    109.3880200    23.7149520    505.8100    5.05    -2.51    322.91
379    109.3877600    23.7153530    505.7900    4.63    -1.86    330.45
380    109.3875000    23.7157500    505.6600    3.84    0.45    326.77
381    109.3872200    23.7161450    505.3800    -0.68    -0.20    305.66
382    109.3869700    23.7165570    504.9800    2.20    -14.97    308.69
383    109.3867000    23.7169630    505.1800    1.38    -4.14    311.30
384    109.3864200    23.7173600    502.1800    7.28    2.27    327.11
385    109.3861400    23.7177790    499.9600    8.55    5.18    334.99
386    109.3858800    23.7181630    502.0900    0.86    -1.56    315.34
387    109.3856100    23.7185440    506.7700    5.62    4.00    301.27
388    109.3853700    23.7189660    507.4000    2.66    -9.03    306.33
389    109.3851200    23.7193760    505.3100    2.77    -6.45    313.37
390    109.3848400    23.7197860    503.6300    6.56    -0.14    324.80
391    109.3845900    23.7201750    503.2800    10.05    4.25    336.56
392    109.3843300    23.7205720    505.5200    6.38    -4.16    324.96
393    109.3840600    23.7209930    507.5100    1.86    -1.90    306.29
394    109.3838000    23.7214130    507.9900    1.99    -10.68    304.66
395    109.3835500    23.7217960    509.3800    2.30    -10.46    307.17
396    109.3832900    23.7221830    510.4800    5.73    -0.80    331.48
397    109.3830500    23.7225860    512.3500    1.59    -8.85    318.48
398    109.3828200    23.7229980    513.1100    1.71    -21.57    307.33
399    109.3825700    23.7233810    515.0400    2.81    -6.70    301.75
400    109.3822700    23.7237780    513.7600    3.48    -0.91    318.29
401    109.3820200    23.7241650    512.4000    7.38    4.22    332.40
402    109.3817600    23.7245640    513.4000    6.93    -4.51    327.20
403    109.3815000    23.7249510    514.1700    1.28    -14.54    303.45
404    109.3812300    23.7253650    514.5600    2.45    -8.00    314.06
405    109.3809900    23.7257600    514.9100    3.37    -11.71    319.39
406    109.3807400    23.7261450    515.2800    7.70    -0.79    330.87
407    109.3804900    23.7265380    517.1300    3.89    -8.49    319.17
408    109.3802300    23.7269250    518.6700    0.14    -6.49    299.49
409    109.3799700    23.7273160    519.3900    -0.20    -14.60    305.02
410    109.3797100    23.7276990    520.7700    0.82    -7.65    310.02
411    109.3794300    23.7280770    521.1900    7.31    1.21    326.19
412    109.3806600    23.7283590    513.7500    0.24    3.97    157.95
413    109.3809100    23.7279570    514.8900    0.13    -9.10    156.73
414    109.3811600    23.7275710    513.7500    1.86    -6.76    164.37
415    109.3814400    23.7271770    514.3300    -0.61    0.56    154.68
416    109.3816700    23.7267760    515.3400    1.58    -7.90    166.50
417    109.3819500    23.7264000    513.3300    0.85    7.52    157.53
418    109.3821700    23.7259980    513.9700    3.57    -3.68    168.81
419    109.3824400    23.7256160    511.4400    3.15    5.85    166.44
420    109.3827000    23.7252250    510.7000    1.60    -8.05    164.60
421    109.3829500    23.7248420    508.3500    0.24    -5.66    152.58
422    109.3832500    23.7244300    505.2800    2.08    -2.50    167.66
423    109.3834900    23.7240560    506.1200    3.23    4.67    160.77
424    109.3837600    23.7236630    504.0100    4.22    1.67    172.22
425    109.3839900    23.7232460    506.4600    -0.58    -1.85    159.21
426    109.3842500    23.7228570    507.2500    4.97    0.43    176.85
427    109.3845200    23.7224750    505.2500    1.29    4.43    166.19
428    109.3847800    23.7220780    505.1700    4.50    -6.67    168.98
429    109.3850100    23.7216760    508.0900    0.05    -4.25    156.53
430    109.3852900    23.7213000    508.3000    3.99    3.08    164.37
431    109.3855000    23.7208810    511.2100    2.84    -2.95    161.23
432    109.3858000    23.7205240    514.1600    5.28    7.12    171.52
433    109.3860300    23.7201270    513.8600    1.86    -2.09    167.29
434    109.3863100    23.7197440    513.1300    5.34    3.57    178.29
435    109.3865900    23.7193510    513.7500    2.28    2.89    163.43
436    109.3868400    23.7189520    512.2600    2.47    -7.41    169.00
437    109.3871200    23.7185380    510.5400    0.70    3.92    167.28
438    109.3873400    23.7181130    510.6900    1.88    -5.34    167.27
439    109.3876000    23.7177450    511.5800    2.47    5.52    167.62
440    109.3878400    23.7173390    511.6400    2.11    -8.57    166.82
441    109.3881000    23.7169490    515.0600    3.84    4.65    165.87
442    109.3883500    23.7165600    516.2900    3.25    -1.44    166.62
443    109.3886200    23.7161750    520.6800    2.24    -2.36    158.60
444    109.3888600    23.7157690    519.3400    2.84    -0.04    163.09
445    109.3891100    23.7153760    522.0000    1.23    -2.64    162.39
446    109.3894100    23.7150040    519.8200    0.99    4.23    161.18
447    109.3896600    23.7146070    517.8900    1.54    -7.77    164.32
448    109.3899200    23.7142220    514.3200    1.67    5.65    167.96
449    109.3902000    23.7138210    511.6800    5.41    6.83    181.42
450    109.3904300    23.7134230    512.1800    -0.10    -2.61    161.46
451    109.3906800    23.7130240    510.5000    2.23    -8.19    162.77
452    109.3909500    23.7126180    504.9400    1.81    -7.37    162.22
453    109.3912200    23.7122230    504.5000    4.73    -1.45    164.88
454    109.3914600    23.7118110    514.2300    1.46    -0.83    154.65
455    109.3917300    23.7114260    516.9900    7.46    3.54    184.50
456    109.3919800    23.7110270    519.7800    3.46    6.75    169.11
457    109.3922600    23.7106460    521.8600    3.17    3.56    172.39
458    109.3924900    23.7102360    522.3000    4.46    1.76    172.63
459    109.3927300    23.7098430    521.8500    3.75    2.33    172.60
460    109.3929800    23.7094590    521.0700    1.76    2.39    165.34
461    109.3932600    23.7090590    519.7000    2.07    3.39    161.98
462    109.3935100    23.7086730    515.7500    4.88    2.43    178.21
463    109.3937400    23.7082630    513.0300    0.45    -0.97    157.83
464    109.3946000    23.7088680    508.1300    2.26    -1.35    336.98
465    109.3943400    23.7092990    506.2800    3.02    3.26    334.21
466    109.3941100    23.7097000    505.9300    3.26    -6.50    311.62
467    109.3938800    23.7100960    505.3600    6.60    -2.50    322.66
468    109.3936200    23.7105260    505.8400    7.61    1.67    329.67
469    109.3933600    23.7109360    506.4400    10.77    3.50    334.67
470    109.3931000    23.7113300    508.0700    4.62    1.06    323.26
471    109.3928600    23.7117270    509.0400    2.09    -0.93    303.11
472    109.3926200    23.7121240    509.6400    5.01    -12.57    307.44
473    109.3923600    23.7125510    509.3500    4.27    -6.67    315.40
474    109.3920700    23.7129590    509.7500    9.01    1.11    327.78
475    109.3918100    23.7133560    510.3500    8.67    4.37    334.18
476    109.3915600    23.7137600    509.5000    7.55    -1.31    330.70
477    109.3912800    23.7141670    509.1900    4.26    -3.50    322.61
478    109.3910300    23.7145750    508.4700    0.08    -3.60    312.54
479    109.3907500    23.7150310    509.5300    4.07    -6.97    307.41
480    109.3905000    23.7154120    510.6900    3.09    -8.69    297.90
481    109.3902400    23.7158240    510.4900    2.26    -9.80    313.04
482    109.3899800    23.7162440    510.8600    4.58    -3.96    321.03
483    109.3897100    23.7166540    512.1400    6.96    -0.54    327.68
484    109.3894400    23.7170600    513.5600    8.52    4.20    333.80
485    109.3891800    23.7174740    515.2100    4.71    -10.52    319.93
486    109.3889000    23.7178800    514.5400    -0.35    -6.55    310.24
487    109.3886300    23.7182920    514.0200    1.33    -6.93    300.59
488    109.3883700    23.7187180    513.4100    0.51    -11.44    299.26
489    109.3881100    23.7191100    512.8400    0.32    -8.75    308.86
490    109.3878600    23.7195000    513.6100    7.68    -0.53    325.80
491    109.3876300    23.7199130    515.5400    2.34    -21.80    313.92
492    109.3873300    23.7202760    515.3800    6.83    3.60    327.08
493    109.3870300    23.7206630    514.3000    0.76    -0.21    324.22
494    109.3867800    23.7210880    514.1700    1.41    -7.92    316.71
495    109.3865200    23.7214980    514.7800    1.82    -2.76    301.53
496    109.3862500    23.7219100    515.1000    1.55    -11.14    302.23
497    109.3859900    23.7223300    514.5900    2.52    -10.77    317.89
498    109.3857500    23.7227460    512.6800    3.06    -10.60    316.41
499    109.3854600    23.7231350    509.9600    5.82    9.75    329.89
500    109.3851900    23.7235430    511.9100    6.76    -9.36    328.18
501    109.3849000    23.7239320    511.0900    -0.48    2.01    318.16
502    109.3846100    23.7243290    509.3400    -1.93    1.92    308.00
503    109.3843300    23.7247490    507.4500    -0.23    -9.85    312.77
504    109.3840600    23.7251260    507.7500    2.93    -0.15    303.45
505    109.3837700    23.7255170    510.4600    5.66    2.07    331.86
506    109.3835000    23.7259370    511.4200    5.44    2.53    338.47
507    109.3832500    23.7263430    511.6300    5.50    0.69    340.08
508    109.3829900    23.7267550    511.8800    6.70    -5.02    340.47
509    109.3827200    23.7271750    511.5700    -1.03    -3.76    316.71
510    109.3824500    23.7276290    510.7800    0.48    -13.27    313.79
511    109.3822100    23.7280060    510.0500    0.25    -7.73    301.05
512    109.3819300    23.7284150    509.4800    3.12    -8.93    315.39
513    109.3816800    23.7288320    508.8300    1.11    -15.80    323.70
514    109.3814000    23.7292400    508.0900    3.87    -4.17    321.68
515    109.3825800    23.7295070    509.6500    5.63    -7.26    168.45
516    109.3828200    23.7291160    509.4100    1.31    7.85    156.02
517    109.3831200    23.7287290    509.2800    0.60    -9.52    160.96
518    109.3833800    23.7283360    509.9600    0.74    1.59    160.69
519    109.3836300    23.7279220    513.7100    2.86    -5.15    163.41
520    109.3839300    23.7275330    515.0300    3.18    2.15    159.65
521    109.3841800    23.7271540    517.9800    3.79    0.30    167.16
522    109.3844600    23.7267800    518.3800    3.92    1.51    178.68
523    109.3846900    23.7263810    518.2000    0.86    3.01    165.11
524    109.3849300    23.7259850    518.8000    4.04    -7.06    169.67
525    109.3851900    23.7255780    519.1800    -0.54    0.99    156.51
526    109.3854800    23.7251910    517.5100    1.76    -6.06    163.65
527    109.3857500    23.7248040    512.4800    1.86    4.10    167.73
528    109.3860100    23.7243860    509.9300    4.56    -1.50    174.85
529    109.3862500    23.7240200    505.5800    2.31    7.51    168.33
530    109.3864800    23.7236100    504.0500    3.21    -4.75    165.65
531    109.3867500    23.7232150    503.4200    4.87    -6.76    152.39
532    109.3870200    23.7228110    505.7100    7.77    0.94    169.71
533    109.3872900    23.7224100    509.4500    3.47    -10.61    152.44
534    109.3876000    23.7220500    508.2400    1.32    13.58    160.07
535    109.3878200    23.7216420    511.8900    6.95    -9.83    168.47
536    109.3880700    23.7212300    513.1800    2.02    7.91    159.29
537    109.3883100    23.7208290    515.2200    5.42    -1.75    174.36
538    109.3885800    23.7204380    512.8700    1.21    -2.85    161.32
539    109.3888400    23.7200490    510.9200    1.78    -2.08    156.15
540    109.3890900    23.7196500    508.4400    6.00    2.42    175.11
541    109.3893500    23.7192400    506.2300    3.54    3.13    170.14
542    109.3895800    23.7188430    506.7700    6.11    -5.10    170.73
543    109.3898400    23.7184510    505.1400    3.03    -1.14    161.24
544    109.3900800    23.7180630    507.1600    8.29    2.33    170.01
545    109.3903900    23.7176840    509.2000    4.60    4.96    165.67
546    109.3906300    23.7172830    511.9900    2.33    -6.02    156.77
547    109.3908800    23.7168960    510.9000    4.41    -1.07    167.11
548    109.3911100    23.7164990    511.4400    0.57    -1.79    159.23
549    109.3913900    23.7161100    514.3200    5.67    3.05    178.59
550    109.3916700    23.7157290    511.9200    4.36    5.54    172.11
551    109.3919100    23.7153380    511.8400    4.01    -0.55    169.16
552    109.3921800    23.7149370    508.0400    2.13    -0.35    166.24
553    109.3924300    23.7145270    506.2500    1.71    -5.16    160.67
554    109.3926900    23.7141280    504.0600    2.85    -0.76    158.97
555    109.3929400    23.7137260    506.0600    8.08    0.67    172.17
556    109.3932200    23.7133520    508.5700    5.67    7.44    170.60
557    109.3934500    23.7129550    511.3500    4.22    -0.35    169.92
558    109.3937300    23.7125780    509.5500    0.74    -6.26    156.39
559    109.3940000    23.7121870    507.7100    6.83    4.81    174.66
560    109.3942100    23.7117650    510.0400    7.04    -8.28    170.71
561    109.3944700    23.7113800    511.1100    2.46    4.83    158.74
562    109.3947100    23.7109720    512.9500    2.64    -9.40    161.86
563    109.3950000    23.7106090    510.3000    1.72    2.31    163.53
564    109.3952000    23.7101840    513.5300    0.23    -12.92    153.58
565    109.3954700    23.7097930    514.3800    1.14    -1.36    162.38
566    109.3957200    23.7093910    516.0800    0.74    -0.04    147.14
567    109.3966000    23.7101140    506.3200    -4.59    -5.50    316.28
568    109.3963200    23.7105810    504.4600    3.02    -5.98    314.03
569    109.3960600    23.7109580    504.6400    -0.18    -4.47    309.49
570    109.3958100    23.7113400    505.7000    7.57    2.53    334.08
571    109.3955500    23.7117310    509.6000    4.20    -0.19    328.61
572    109.3952800    23.7121350    512.7500    0.93    -4.79    305.26
573    109.3950200    23.7125130    511.9100    -0.42    -2.58    311.77
574    109.3947500    23.7129080    510.8700    2.12    1.61    323.69
575    109.3945100    23.7133050    509.4800    6.79    2.91    337.58
576    109.3942400    23.7137200    508.8600    2.43    1.93    326.89
577    109.3939600    23.7141150    507.8200    0.75    5.55    311.23
578    109.3936900    23.7145330    507.8800    2.12    -6.80    309.64
579    109.3934300    23.7149430    508.2800    3.48    -0.28    306.16
580    109.3931800    23.7153470    506.4200    3.27    -2.29    314.12
581    109.3929400    23.7157670    503.6200    3.02    -9.01    317.31
582    109.3926800    23.7161640    501.9400    9.94    -4.11    330.63
583    109.3924100    23.7165680    502.2400    8.83    1.53    331.79
584    109.3921400    23.7169760    504.9900    7.77    2.96    327.66
585    109.3918700    23.7173770    507.8800    2.48    -0.22    310.95
586    109.3916000    23.7177940    510.2700    1.62    -0.52    301.87
587    109.3913500    23.7182040    509.7600    3.58    0.69    302.19
588    109.3910800    23.7186300    507.8800    3.16    -5.91    297.65
589    109.3908400    23.7190190    507.5800    5.57    -3.17    310.65
590    109.3905600    23.7194330    508.3200    5.83    3.10    315.62
591    109.3903000    23.7198620    507.7400    5.90    -7.60    324.32
592    109.3900500    23.7202910    508.7400    7.21    -6.09    326.15
593    109.3897300    23.7206880    508.4800    2.48    9.76    305.27
594    109.3894100    23.7211210    509.7000    4.24    2.35    305.45
595    109.3891700    23.7215520    510.2300    1.68    -8.97    314.42
596    109.3889300    23.7219430    509.7000    3.08    -3.88    312.20
597    109.3886300    23.7223450    508.2300    6.16    5.20    326.07
598    109.3883500    23.7227590    507.4000    8.62    7.73    338.89
599    109.3881000    23.7231850    506.9700    5.55    -1.55    330.30
600    109.3878400    23.7236080    506.2800    1.64    0.19    313.21
601    109.3875700    23.7240310    505.9000    3.96    -4.54    303.15
602    109.3873100    23.7244470    507.2200    3.61    -10.47    309.16
603    109.3870500    23.7248310    508.9600    3.61    -2.36    293.46
604    109.3867600    23.7252040    509.5200    3.71    5.42    300.64
605    109.3864800    23.7255840    510.1400    5.45    4.69    314.72
606    109.3862700    23.7259900    510.2300    4.40    -7.17    325.60
607    109.3860500    23.7264020    509.6800    7.95    -5.56    330.61
608    109.3858000    23.7267910    508.2600    5.49    -1.73    324.50
609    109.3855400    23.7271900    506.5600    -0.09    -3.52    313.79
610    109.3852500    23.7276060    505.5200    4.97    -2.86    298.84
611    109.3849900    23.7280290    507.9200    5.28    -17.05    307.03
612    109.3847200    23.7284390    509.2900    6.59    -7.15    320.10
613    109.3844400    23.7288360    509.3600    8.53    2.22    328.72
614    109.3841600    23.7292390    510.3400    7.80    -0.21    331.11
615    109.3839000    23.7296390    511.6100    5.85    -3.29    329.09
616    109.3836400    23.7300420    513.4400    2.68    -10.57    315.05
617    109.3833800    23.7304270    512.7400    -0.40    -12.57    300.69
618    109.3846300    23.7306940    512.2200    5.77    19.78    171.10
619    109.3848700    23.7302680    511.0800    2.58    -5.24    167.82
620    109.3851400    23.7299040    509.2600    2.55    5.50    167.53
621    109.3854000    23.7294980    507.0500    0.83    -7.00    154.11
622    109.3856700    23.7291030    505.4600    6.84    -3.94    166.39
623    109.3859100    23.7286970    509.9900    4.35    0.11    164.35
624    109.3861900    23.7283190    509.8300    5.55    2.96    174.96
625    109.3864400    23.7279210    507.5100    3.07    -2.69    157.96
626    109.3866900    23.7275280    509.8200    4.45    -2.15    164.27
627    109.3869600    23.7271290    509.3300    4.77    -2.82    167.88
628    109.3872400    23.7267610    508.3200    3.81    5.16    156.63
629    109.3874400    23.7263530    510.8200    8.69    -2.48    178.34
630    109.3877300    23.7259640    511.8700    2.73    7.28    162.64
631    109.3879800    23.7255780    511.3300    3.34    1.38    174.04
632    109.3882000    23.7251640    510.4700    3.55    -0.51    166.79
633    109.3884800    23.7247850    509.9300    5.21    7.05    171.14
634    109.3887600    23.7244000    510.1300    1.36    7.67    163.39
635    109.3889900    23.7239840    507.4000    9.65    -5.23    185.56
636    109.3892200    23.7235850    509.2300    0.39    5.75    146.97
637    109.3895000    23.7231880    508.6000    7.74    -0.10    177.34
638    109.3897300    23.7227710    513.2600    2.78    1.20    160.11
639    109.3900100    23.7223830    515.0500    4.80    -1.92    161.70
640    109.3902700    23.7219750    515.0000    2.02    0.95    160.11
641    109.3905200    23.7215880    515.9500    3.31    -0.19    163.64
642    109.3907900    23.7212010    517.0900    3.35    -3.57    153.53
643    109.3910500    23.7208180    511.8300    0.51    -2.98    151.43
644    109.3912800    23.7204090    511.0500    2.96    -3.80    168.09
645    109.3915300    23.7200030    510.6500    1.35    1.03    159.09
646    109.3918100    23.7196290    512.0300    1.97    -1.59    163.76
647    109.3920700    23.7192290    509.4000    0.92    1.52    162.32
648    109.3923600    23.7188360    506.2700    0.41    -1.61    161.08
649    109.3925900    23.7184350    505.6600    4.34    2.89    168.33
650    109.3928600    23.7180520    508.7300    5.15    5.75    173.10
651    109.3930900    23.7176380    508.1100    2.06    -4.03    158.30
652    109.3933400    23.7172430    510.5700    5.15    3.23    170.17
653    109.3936000    23.7168480    512.7000    1.83    -3.24    149.00
654    109.3938800    23.7164540    510.3500    2.72    -6.69    159.65
655    109.3941100    23.7160570    507.4200    3.70    -4.38    159.22
656    109.3943600    23.7156680    509.4700    7.37    0.32    171.44
657    109.3946100    23.7152730    510.5400    0.58    -0.73    147.70
658    109.3948800    23.7148910    509.3700    3.91    -7.37    162.63
659    109.3951300    23.7145060    506.9700    4.70    4.35    160.72
660    109.3953600    23.7141020    509.9900    6.52    -5.12    167.68
661    109.3956400    23.7137240    509.8800    -0.02    1.45    153.20
662    109.3958900    23.7133220    509.0400    5.30    -6.20    162.93
663    109.3962100    23.7129520    508.8500    2.08    8.71    165.05
664    109.3964300    23.7125510    508.3700    5.79    -8.25    172.16
665    109.3966800    23.7121620    510.5700    1.99    -1.62    158.12
666    109.3968900    23.7117480    511.6700    5.27    -3.01    170.38
667    109.3971700    23.7113700    511.8300    0.90    4.21    163.36
668    109.3974000    23.7109700    509.4400    0.78    -11.15    160.86
669    109.3976600    23.7105690    509.1700    4.68    6.29    172.09
670    109.3984100    23.7114090    510.2300    -0.85    -7.88    331.13
671    109.3981900    23.7118280    506.9200    1.21    -6.56    333.74
672    109.3979600    23.7122340    504.3000    1.74    -11.53    328.78
673    109.3976800    23.7126330    504.7000    2.31    2.24    327.65
674    109.3974300    23.7130410    506.3400    4.56    -1.90    333.23
675    109.3971900    23.7134460    508.4600    0.38    -6.95    312.58
676    109.3969300    23.7138330    508.2000    0.37    -9.11    305.76
677    109.3966400    23.7142450    506.4200    0.12    -4.91    310.90
678    109.3963600    23.7146680    506.6300    3.67    -1.22    323.99
679    109.3961300    23.7150550    507.7200    6.08    -7.31    329.00
680    109.3958900    23.7154600    505.6000    8.99    6.82    335.63
681    109.3956500    23.7158700    504.8000    10.44    -6.41    328.01
682    109.3953800    23.7162610    505.1600    5.45    -1.25    327.48
683    109.3951100    23.7166670    507.2300    6.70    -3.81    323.96
684    109.3948300    23.7170560    507.3300    3.22    1.16    320.18
685    109.3945300    23.7174470    506.9600    1.15    4.60    310.01
686    109.3942600    23.7178460    507.3600    2.76    -1.08    300.92
687    109.3939800    23.7182600    508.6400    4.68    -1.57    308.28
688    109.3937300    23.7186720    509.2700    3.86    0.59    307.69
689    109.3934700    23.7190840    509.3100    4.04    -3.31    308.69
690    109.3932200    23.7194860    509.8200    3.41    -2.62    319.17
691    109.3929700    23.7198890    509.4000    5.51    -3.42    326.26
692    109.3927300    23.7202950    508.2500    7.53    2.85    333.42
693    109.3924900    23.7206950    507.6100    6.24    -5.32    325.35
694    109.3921900    23.7210870    505.1300    6.93    7.30    331.30
695    109.3919100    23.7215000    506.3500    3.25    0.59    323.42
696    109.3916400    23.7219200    508.0200    4.17    -6.71    310.01
697    109.3913900    23.7223280    509.4600    2.70    -12.50    312.19
698    109.3911300    23.7227290    508.9100    6.38    -5.39    331.51
699    109.3908800    23.7231410    509.7000    6.30    -6.18    327.53
700    109.3906200    23.7235240    509.8400    0.19    5.64    317.83
701    109.3903500    23.7239150    508.8600    -0.41    3.73    307.90
702    109.3900800    23.7243180    508.5300    3.40    -4.23    306.31
703    109.3898200    23.7246970    509.0000    2.35    1.53    301.02
704    109.3895400    23.7250790    509.1500    4.31    5.65    311.79
705    109.3893100    23.7254750    508.0600    4.64    -4.87    317.18
706    109.3890800    23.7258780    506.2200    5.52    -3.30    327.57
707    109.3888200    23.7262900    505.8400    7.22    1.90    329.86
708    109.3885600    23.7267020    506.1700    8.07    3.67    335.17
709    109.3883000    23.7271180    505.5000    4.47    0.68    323.59
710    109.3880500    23.7275350    509.3800    8.12    -13.79    324.46
711    109.3877500    23.7279380    511.1800    2.29    12.75    318.46
712    109.3874800    23.7283500    511.4000    -1.72    -6.81    311.40
713    109.3872000    23.7287640    509.0200    0.28    -1.42    305.30
714    109.3869200    23.7291740    507.1500    0.01    -0.79    298.42
715    109.3866900    23.7295300    506.3900    2.41    -3.91    310.49
716    109.3864400    23.7299270    506.1500    3.75    -8.31    322.02
717    109.3861900    23.7303140    507.8800    9.41    -2.21    332.94
718    109.3858900    23.7307110    507.6500    4.68    11.51    330.26
719    109.3856300    23.7311290    506.4500    7.46    6.60    344.43
720    109.3866300    23.7318210    507.1100    2.35    7.28    151.75
721    109.3868800    23.7314280    508.7800    4.87    -1.36    174.80
722    109.3871600    23.7310370    508.0000    2.52    2.00    163.52
723    109.3873900    23.7306310    508.2900    2.63    -11.28    162.21
724    109.3876600    23.7302550    512.1900    2.27    5.41    161.96
725    109.3879500    23.7298760    506.8100    1.59    -3.01    168.06
726    109.3881800    23.7294690    505.3500    5.20    -4.30    166.29
727    109.3884300    23.7290800    507.3800    4.45    -5.17    162.13
728    109.3886900    23.7286800    508.6100    6.88    2.37    171.11
729    109.3889300    23.7282700    511.4300    4.32    -0.59    169.97
730    109.3892200    23.7279070    507.0000    5.28    7.47    178.81
731    109.3894100    23.7274860    508.8400    3.67    -10.26    158.22
732    109.3897100    23.7271060    506.6200    3.44    3.26    160.77
733    109.3899600    23.7267170    507.7400    6.12    0.28    173.80
734    109.3902100    23.7263160    508.9800    5.68    -9.53    157.25
735    109.3904800    23.7259290    510.1000    1.90    -3.70    160.59
736    109.3907300    23.7255380    507.9800    3.47    0.44    161.21
737    109.3909900    23.7251450    506.8200    3.14    -1.86    168.85
738    109.3912600    23.7247540    508.8000    3.07    4.24    159.07
739    109.3914700    23.7243520    513.0300    5.76    -3.20    171.04
740    109.3917300    23.7239610    511.3800    3.90    4.69    169.67
741    109.3919800    23.7235550    513.0900    1.32    -1.18    159.74
742    109.3922400    23.7231640    510.6900    -0.14    -5.67    150.79
743    109.3925100    23.7227710    508.5100    2.07    -4.36    167.69
744    109.3927300    23.7223680    506.2300    1.95    -1.19    158.21
745    109.3929800    23.7219830    506.5000    4.95    6.41    166.48
746    109.3932200    23.7215820    507.4800    2.36    -7.21    151.41
747    109.3935000    23.7212010    507.8700    7.40    2.49    159.76
748    109.3937700    23.7207970    511.1600    4.39    3.37    165.81
749    109.3940400    23.7204070    510.5100    3.83    0.72    166.23
750    109.3942800    23.7200150    509.1500    1.85    -4.47    154.85
751    109.3945500    23.7196100    506.1500    6.39    5.73    169.69
752    109.3948100    23.7192130    511.0700    4.50    -7.39    149.91
753    109.3950700    23.7188170    512.0100    5.07    -1.42    170.45
754    109.3953400    23.7184300    511.7700    2.41    7.88    166.77
755    109.3956000    23.7180310    507.8900    3.79    -2.55    170.15
756    109.3958700    23.7176400    509.4600    2.69    -1.84    157.10
757    109.3961300    23.7172510    507.9900    5.23    1.69    169.50
758    109.3963600    23.7168450    511.6000    4.86    4.65    168.20
759    109.3966100    23.7164400    510.3500    1.91    -7.36    162.19
760    109.3968900    23.7160400    507.4100    4.76    0.75    167.13
761    109.3971500    23.7156390    511.2500    6.68    -0.35    171.54
762    109.3974400    23.7152580    510.4700    5.11    8.28    178.92
763    109.3976700    23.7148460    511.4800    -0.09    -0.82    163.54
764    109.3979500    23.7144680    508.7700    2.15    0.00    157.53
765    109.3981700    23.7140620    509.7700    2.37    -5.30    155.17
766    109.3984200    23.7136690    509.1200    5.46    1.14    170.53
767    109.3986800    23.7132850    509.2300    2.88    5.80    167.20
768    109.3989500    23.7128850    510.6700    3.66    -2.95    170.01
769    109.3992100    23.7124860    512.0400    0.78    -1.83    157.35
770    109.3994600    23.7120900    510.7000    0.77    -7.45    165.78
771    109.3997000    23.7116740    509.6000    2.79    2.37    166.43
772    109.4004000    23.7125150    506.9200    3.36    -7.69    338.77
773    109.4001800    23.7129210    505.3800    5.42    -3.40    339.65
774    109.3999300    23.7133270    505.2800    8.01    -3.68    339.38
775    109.3997000    23.7137390    506.6600    1.52    -7.29    322.42
776    109.3994900    23.7141570    507.8200    1.50    -19.94    316.42
777    109.3992300    23.7145860    509.3300    1.53    -14.56    303.09
778    109.3989600    23.7149910    509.5300    0.82    -9.04    303.77
779    109.3987000    23.7153910    507.6500    0.23    -3.25    314.41
780    109.3984000    23.7158090    505.6800    5.20    -4.58    324.12
781    109.3981600    23.7162040    505.6500    8.02    -5.92    330.26
782    109.3979000    23.7165890    505.5600    5.70    -6.20    327.59
783    109.3976600    23.7169900    505.8400    2.90    -18.20    317.01
784    109.3973900    23.7173770    507.6100    1.82    -8.22    294.83
785    109.3971200    23.7177600    509.3800    5.16    -8.30    325.00
786    109.3968500    23.7181780    510.1200    6.18    0.00    336.61
787    109.3966100    23.7185990    510.8100    3.73    -11.96    321.85
788    109.3963400    23.7190020    511.1200    0.56    -6.00    314.63
789    109.3960700    23.7193910    511.3600    -0.31    0.38    306.86
790    109.3958300    23.7197900    510.0500    -0.34    -11.94    304.93
791    109.3955700    23.7201790    509.4600    0.31    -6.03    296.37
792    109.3953200    23.7205700    508.5600    0.01    -5.80    305.58
793    109.3950700    23.7209700    507.6400    0.87    -13.97    314.89
794    109.3948100    23.7213880    506.6600    -0.96    -5.71    315.07
795    109.3945500    23.7217750    503.3400    4.25    -1.82    325.48
796    109.3942600    23.7221530    501.6900    1.87    7.63    323.62
797    109.3939700    23.7225400    502.0300    1.26    1.36    324.96
798    109.3937000    23.7229500    502.5500    -0.22    1.43    317.43
799    109.3934500    23.7233370    502.4300    2.04    -9.12    308.95
800    109.3931800    23.7237240    504.0500    6.23    4.39    303.17
801    109.3929100    23.7241120    504.7000    7.73    0.47    329.95
802    109.3926500    23.7245370    505.5000    8.07    3.04    340.40
803    109.3924000    23.7249550    506.2500    8.21    -7.49    335.97
804    109.3921400    23.7253610    506.7500    5.00    -7.76    329.46
805    109.3918700    23.7257540    507.7500    1.59    -1.66    315.80
806    109.3916200    23.7261510    506.4800    0.83    -2.20    308.20
807    109.3913600    23.7265630    505.7100    3.54    -3.60    305.45
808    109.3911100    23.7269820    504.5300    4.24    -19.11    316.22
809    109.3908800    23.7273960    504.3100    4.00    -7.04    313.56
810    109.3905900    23.7277970    503.7500    4.92    -2.32    320.41
811    109.3903400    23.7281990    504.8300    8.80    -7.04    330.58
812    109.3900900    23.7285900    506.0000    7.76    -6.30    324.16
813    109.3898000    23.7289700    506.0400    4.41    5.10    326.55
814    109.3895200    23.7293820    508.3000    4.24    -3.01    330.83
815    109.3892900    23.7298130    509.3000    4.59    -14.90    323.98
816    109.3890300    23.7302000    509.0800    0.54    -2.34    301.30
817    109.3887600    23.7305810    506.5800    0.41    -9.28    309.33
818    109.3885000    23.7309760    503.6400    1.85    -1.86    317.94
819    109.3882200    23.7313790    502.3200    5.95    -0.04    324.24
820    109.3879800    23.7317870    503.0400    8.40    -3.62    330.49
821    109.3877400    23.7321870    504.4600    9.46    1.77    332.97
822    109.3874700    23.7326110    506.9400    5.84    -11.71    327.55
823    109.3885800    23.7330190    506.3900    3.84    -0.45    147.60
824    109.3888100    23.7326130    509.0500    2.98    -10.72    156.85
825    109.3890700    23.7322100    505.4200    5.62    6.42    165.54
826    109.3893100    23.7318040    507.3500    5.43    -1.97    158.24
827    109.3895600    23.7314110    507.7300    5.30    5.97    157.69
828    109.3898600    23.7310330    507.3800    5.51    4.77    163.85
829    109.3901100    23.7306290    507.2900    1.60    -4.05    156.29
830    109.3903700    23.7302470    508.7600    6.41    -4.62    160.20
831    109.3906400    23.7298560    508.8200    0.24    3.64    156.55
832    109.3908800    23.7294410    505.9300    7.89    -1.55    176.85
833    109.3911300    23.7290550    504.4100    1.21    -1.46    143.19
834    109.3914000    23.7286680    504.1300    8.65    1.70    170.62
835    109.3916500    23.7282640    506.9100    4.71    -9.55    149.56
836    109.3919200    23.7278790    505.7100    7.47    2.07    173.83
837    109.3922000    23.7274860    508.3800    3.93    3.63    162.58
838    109.3924600    23.7270950    511.8000    -0.24    -5.84    154.61
839    109.3927300    23.7267020    509.1100    2.02    -2.75    163.29
840    109.3929700    23.7262940    508.1700    1.88    0.80    165.76
841    109.3932600    23.7259010    507.1000    2.12    6.42    165.95
842    109.3935000    23.7255130    506.3100    0.97    -5.93    159.04
843    109.3937100    23.7251010    508.3700    5.24    -0.85    174.68
844    109.3939700    23.7247100    508.6700    -0.41    2.37    153.57
845    109.3942400    23.7243160    507.3900    3.98    -4.54    160.79
846    109.3945100    23.7239380    509.2800    2.61    3.27    162.86
847    109.3947700    23.7235430    507.5700    2.71    -5.85    160.44
848    109.3950200    23.7231410    507.6200    4.87    4.36    168.32
849    109.3952800    23.7227420    511.0700    3.15    -3.83    162.02
850    109.3955500    23.7223590    511.9800    1.78    -0.67    158.89
851    109.3957900    23.7219620    510.4800    3.94    3.86    172.72
852    109.3960400    23.7215750    509.6700    1.27    -5.46    152.45
853    109.3963000    23.7211820    507.8300    4.95    5.20    177.63
854    109.3965300    23.7207680    506.6600    0.80    0.99    158.94
855    109.3968100    23.7203880    503.6700    2.44    -0.29    162.91
856    109.3970600    23.7199760    505.6500    3.28    -0.82    154.73
857    109.3973200    23.7196010    507.2100    6.83    7.51    179.74
858    109.3975500    23.7192040    507.3100    0.84    -2.70    152.69
859    109.3978300    23.7188150    503.7900    6.11    -1.96    161.84
860    109.3980600    23.7184160    507.0300    6.95    -0.56    167.39
861    109.3983800    23.7180500    509.9600    3.06    -0.30    156.51
862    109.3986300    23.7176490    511.0300    2.12    -5.11    167.86
863    109.3989100    23.7172450    506.7400    0.38    5.76    166.57
864    109.3991400    23.7168640    507.2000    4.85    -6.19    163.49
865    109.3994100    23.7164820    504.4600    3.86    2.66    159.88
866    109.3996600    23.7160640    509.5300    6.33    -2.05    174.21
867    109.3998900    23.7156730    512.0700    1.04    -5.47    160.12
868    109.4001700    23.7152750    512.9800    1.96    -3.11    160.12
869    109.4004400    23.7148970    512.2800    3.13    -2.95    173.02
870    109.4006700    23.7144850    510.4900    1.27    -8.29    163.18
871    109.4009600    23.7141080    509.8400    -1.08    0.10    166.58
872    109.4011900    23.7137030    507.8300    0.67    -11.05    159.80
873    109.4014400    23.7133030    505.8800    2.60    -5.41    166.47
874    109.4016600    23.7128870    502.4200    3.45    -5.24    165.07
875    109.4024400    23.7135890    506.6200    -0.59    -5.75    334.53
876    109.4021900    23.7140100    501.6300    4.81    8.84    339.55
877    109.4019500    23.7144090    501.4400    2.51    2.91    333.70
878    109.4017000    23.7148150    502.4000    1.71    0.64    311.01
879    109.4014700    23.7152100    504.1400    6.18    -3.99    310.85
880    109.4012300    23.7156260    506.3700    2.69    -5.74    319.19
881    109.4009700    23.7160220    507.6700    8.05    4.72    330.82
882    109.4007600    23.7164500    507.3000    6.60    4.71    334.88
883    109.4005300    23.7168790    506.6300    5.55    -11.32    320.03
884    109.4002300    23.7172780    505.4400    6.48    3.56    325.63
885    109.3999500    23.7176880    506.1800    4.63    -5.39    325.51
886    109.3996800    23.7181050    508.0400    1.10    -3.94    316.28
887    109.3994000    23.7185630    508.0300    -0.61    -5.43    306.37
888    109.3991700    23.7189200    507.5200    1.29    -13.67    305.40
889    109.3989000    23.7193320    507.7700    0.42    -6.99    311.06
890    109.3986100    23.7197360    507.5300    6.78    -0.83    326.94
891    109.3983400    23.7201390    507.7800    4.96    -0.74    327.29
892    109.3980800    23.7205410    507.4200    6.80    0.75    332.09
893    109.3978300    23.7209660    507.1800    8.49    -7.28    331.66
894    109.3975500    23.7213710    504.7200    5.41    -4.17    329.65
895    109.3972900    23.7217640    503.9300    4.68    -0.71    325.44
896    109.3970300    23.7221640    505.6000    3.62    -6.70    321.97
897    109.3968000    23.7225610    506.1900    3.00    -9.60    316.64
898    109.3965500    23.7229500    506.3200    0.00    -6.42    302.12
899    109.3962900    23.7233370    506.8700    1.61    -7.01    294.09
900    109.3960400    23.7237320    507.4600    1.32    -17.16    305.57
901    109.3957700    23.7241480    506.7000    0.43    -9.51    296.32
902    109.3955100    23.7245250    505.2900    2.03    -4.18    300.36
903    109.3952400    23.7249160    505.0600    1.17    -3.63    299.70
904    109.3949700    23.7253210    506.8000    3.88    -5.94    312.10
905    109.3947300    23.7257270    508.7500    0.23    -5.22    306.57
906    109.3944700    23.7261160    507.9500    1.27    -2.44    315.44
907    109.3942100    23.7265220    507.4600    3.71    -7.49    321.88
908    109.3939600    23.7269250    508.0000    5.44    3.87    328.65
909    109.3937100    23.7273370    508.7900    7.35    -9.80    326.34
910    109.3934300    23.7277340    508.5800    7.39    -0.51    329.55
911    109.3931700    23.7281300    507.3700    7.77    -0.26    333.35
912    109.3929100    23.7285460    506.6200    3.02    -12.05    320.94
913    109.3926200    23.7289540    505.9000    -0.79    -4.44    304.98
914    109.3923500    23.7293620    505.6000    0.07    -16.30    317.03
915    109.3920700    23.7297610    505.1700    -0.90    -5.67    301.18
916    109.3917900    23.7301560    504.1800    1.07    -8.51    305.47
917    109.3915400    23.7305720    504.2200    0.92    -16.14    308.45
918    109.3912800    23.7309880    504.1100    1.51    -12.75    312.35
919    109.3910100    23.7313920    504.8400    2.72    -5.59    316.72
920    109.3907300    23.7317910    505.0300    6.36    -0.78    326.88
921    109.3904900    23.7322010    505.1800    6.36    -4.25    330.79
922    109.3902200    23.7325950    506.0800    5.29    -5.66    323.97
923    109.3899400    23.7329810    505.9600    0.64    -1.33    317.41
924    109.3896900    23.7333770    505.4500    -0.78    -11.94    313.06
925    109.3894300    23.7337630    506.1400    3.66    -14.47    299.00
926    109.3905600    23.7341400    506.2800    2.36    7.69    154.10
927    109.3908100    23.7337510    510.4000    3.31    -5.83    166.64
928    109.3910900    23.7333530    506.6400    2.76    6.30    166.55
929    109.3913300    23.7329480    507.3700    3.40    0.89    167.16
930    109.3915900    23.7325590    507.5600    0.55    -1.98    160.60
931    109.3918300    23.7321620    505.7500    0.00    -2.76    156.61
932    109.3921100    23.7317790    506.8800    5.50    1.81    167.97
933    109.3923700    23.7313980    507.0600    3.21    -5.24    155.39
934    109.3926500    23.7310240    508.8100    3.31    5.70    171.19
935    109.3929400    23.7306020    507.3900    -0.44    0.78    160.88
936    109.3931800    23.7302360    508.5300    3.47    -1.06    165.76
937    109.3934200    23.7298340    510.0100    5.63    2.61    179.30
938    109.3936500    23.7294330    509.5700    1.81    0.25    169.85
939    109.3939100    23.7290400    511.5600    0.22    -4.83    149.83
940    109.3941700    23.7286450    511.2900    2.92    -1.29    169.78
941    109.3944500    23.7282490    509.5300    3.02    7.46    170.32
942    109.3946900    23.7278390    506.1900    0.60    -3.77    156.97
943    109.3949300    23.7274320    503.1900    4.61    -7.02    157.19
944    109.3952000    23.7270370    501.7700    4.09    2.84    162.53
945    109.3954700    23.7266410    504.6200    7.86    -0.42    164.91
946    109.3957500    23.7262540    506.2900    4.57    4.25    159.76
947    109.3960200    23.7258530    510.6700    6.61    -0.62    170.81
948    109.3962800    23.7254600    510.2000    0.20    -1.79    160.33
949    109.3965300    23.7250600    508.4800    4.03    -1.96    168.34
950    109.3967900    23.7246610    509.8700    3.20    1.74    167.94
951    109.3970300    23.7242600    511.0400    4.04    2.61    173.24
952    109.3973000    23.7238710    513.3100    4.40    6.38    167.88
953    109.3975800    23.7234670    510.3400    0.16    4.82    169.67
954    109.3977900    23.7230760    511.5500    2.71    -6.37    167.46
955    109.3980600    23.7227040    507.7800    -0.34    0.85    160.37
956    109.3983100    23.7223070    504.5800    -0.16    -10.16    159.30
957    109.3985800    23.7219260    500.6900    3.10    0.24    159.53
958    109.3988200    23.7215140    505.5800    8.42    -0.19    176.89
959    109.3990900    23.7211270    507.8400    2.98    -0.74    163.21
960    109.3993500    23.7207240    508.5500    5.31    -12.57    163.41
961    109.3996000    23.7203270    509.2900    4.52    -1.61    157.60
962    109.3998600    23.7199190    507.8300    3.13    -1.72    163.24
963    109.4001400    23.7195340    507.5500    1.89    3.17    161.46
964    109.4004000    23.7191540    507.7800    7.28    -6.59    164.99
965    109.4006700    23.7187710    510.1300    1.31    -4.59    162.08
966    109.4008900    23.7183780    508.3800    2.58    -6.29    163.79
967    109.4011900    23.7179910    509.9500    1.99    -1.72    158.93
968    109.4014200    23.7175830    508.1600    6.14    -3.30    180.47
969    109.4016600    23.7171780    510.5100    4.03    2.25    167.20
970    109.4019100    23.7167760    507.8100    3.94    -2.96    170.53
971    109.4021600    23.7163680    504.8500    -0.72    -0.67    159.84
972    109.4024000    23.7159670    506.4700    8.11    -8.96    163.66
973    109.4026700    23.7155630    507.3400    3.31    -0.45    160.14
974    109.4029300    23.7151620    510.3700    5.06    0.16    165.68
975    109.4032000    23.7147770    509.5600    1.38    -1.85    160.84
976    109.4034600    23.7143800    508.7800    3.61    -6.26    168.22
977    109.4037100    23.7139800    509.4700    4.70    -0.21    173.16
978    109.4045200    23.7147310    506.9000    3.05    -4.69    335.79
979    109.4042700    23.7151390    504.4800    1.64    -2.28    328.23
980    109.4040200    23.7155570    503.9700    -0.82    -1.83    310.95
981    109.4037800    23.7159840    504.1300    2.94    -15.32    312.46
982    109.4035200    23.7163980    504.3200    2.41    -8.16    310.57
983    109.4032300    23.7167910    503.7900    8.31    8.83    330.71
984    109.4029500    23.7171990    505.7000    4.57    0.52    324.95
985    109.4026700    23.7176040    506.2600    1.94    -1.47    306.74
986    109.4024000    23.7180040    506.9500    4.38    1.15    310.91
987    109.4021400    23.7184100    508.0100    6.74    -1.32    324.91
988    109.4019100    23.7188090    508.0800    6.97    3.92    336.82
989    109.4016800    23.7192120    507.9100    6.76    -9.18    329.78
990    109.4014400    23.7196120    506.2900    0.81    -6.39    311.83
991    109.4011800    23.7200090    506.6900    4.01    -8.19    297.13
992    109.4009500    23.7204060    507.0700    3.98    -8.78    312.26
993    109.4007200    23.7208120    506.6500    6.54    -12.21    326.68
994    109.4004600    23.7212300    507.9600    8.40    -4.99    315.30
995    109.4001700    23.7216170    506.2200    4.49    -4.29    322.35
996    109.3999100    23.7220000    504.7000    1.60    -5.01    309.72
997    109.3996600    23.7223930    505.0500    4.65    -11.85    301.23
998    109.3994000    23.7227880    505.2300    4.48    -0.71    306.43
999    109.3991500    23.7231750    505.9000    5.55    -7.92    315.32
1000    109.3989000    23.7235970    506.9700    9.18    -6.65    325.28
1001    109.3986300    23.7240030    507.8900    5.97    -3.33    318.97
1002    109.3983800    23.7244070    508.2200    4.41    -6.56    315.82
1003    109.3980900    23.7248130    508.2200    -0.55    -6.76    303.03
1004    109.3978300    23.7252220    508.0600    0.55    -6.56    297.91
1005    109.3975500    23.7256240    508.6900    1.44    -6.05    300.88
1006    109.3973000    23.7260320    507.4700    1.52    -14.36    297.79
1007    109.3970400    23.7264290    506.7300    1.70    -6.30    293.95
1008    109.3967700    23.7268160    505.2600    1.62    -6.55    300.43
1009    109.3965100    23.7272210    504.4400    2.93    -7.67    309.13
1010    109.3962500    23.7276040    504.6400    6.05    -5.31    318.75
1011    109.3959800    23.7279870    505.8100    8.49    -5.91    323.47
1012    109.3971500    23.7284410    506.1800    3.94    2.08    171.04
1013    109.3973500    23.7280220    506.9200    2.30    -13.52    156.32
1014    109.3976400    23.7276540    507.6700    3.74    3.20    170.20
1015    109.3979000    23.7272640    504.2100    4.01    1.80    172.39
1016    109.3981500    23.7268680    504.9300    7.21    -1.43    173.02
1017    109.3983800    23.7264600    507.1600    5.31    2.17    169.15
1018    109.3986400    23.7260650    507.7000    2.83    1.87    170.75
1019    109.3989000    23.7256640    508.1700    2.48    0.95    151.66
1020    109.3992200    23.7253110    509.8200    6.21    -2.18    170.02
1021    109.3994500    23.7249090    507.5400    0.19    -0.45    162.47
1022    109.3996800    23.7244970    507.2100    5.78    -5.61    170.21
1023    109.3999500    23.7241060    504.8700    9.13    3.72    180.07
1024    109.4002100    23.7237130    505.2600    2.52    3.10    157.04
1025    109.4004700    23.7233200    509.5000    3.03    -4.26    160.15
1026    109.4007200    23.7229080    508.9300    5.23    0.74    170.47
1027    109.4009900    23.7225250    508.2300    3.43    0.10    167.50
1028    109.4012500    23.7221340    510.2100    8.14    2.16    182.59
1029    109.4015100    23.7217450    509.6900    2.77    5.54    168.61
1030    109.4017300    23.7213210    509.3200    6.02    -7.73    170.19
1031    109.4020000    23.7209280    509.7300    2.23    1.31    162.92
1032    109.4022900    23.7205220    507.6200    1.14    -5.16    159.11
1033    109.4025200    23.7201520    509.1700    7.89    1.65    173.18
1034    109.4027600    23.7197610    510.5300    3.44    -1.43    168.42
1035    109.4030100    23.7193510    511.8500    2.86    -4.09    161.09
1036    109.4032700    23.7189640    508.7600    2.14    2.22    169.59
1037    109.4035300    23.7185730    508.2400    6.68    1.55    177.94
1038    109.4038200    23.7181820    509.2300    1.83    8.10    172.90
1039    109.4040700    23.7177890    511.7000    0.36    -1.42    165.09
1040    109.4043400    23.7174070    509.9800    5.37    6.74    170.72
1041    109.4045200    23.7169900    509.3900    0.87    -3.58    166.89
1042    109.4048400    23.7166290    510.0000    5.10    10.82    181.23
1043    109.4050300    23.7162150    508.3300    3.87    -3.00    169.83
1044    109.4053300    23.7158470    509.6900    5.19    5.77    177.49
1045    109.4055200    23.7154160    509.5900    0.82    -6.88    161.14
1046    109.4057800    23.7150230    511.1600    3.54    4.33    173.34
1047    109.4067700    23.7158090    506.0600    0.27    -35.46    308.02
1048    109.4064500    23.7161600    503.0700    4.13    13.08    323.05
1049    109.4061300    23.7165490    503.8000    0.22    6.75    316.54
1050    109.4058100    23.7169990    507.1300    3.33    2.82    310.47
1051    109.4055700    23.7173810    509.0500    5.63    4.38    318.99
1052    109.4053100    23.7177980    509.5700    6.32    3.74    333.42
1053    109.4050800    23.7182060    508.5900    6.77    0.89    336.53
1054    109.4048400    23.7186050    507.1900    -1.22    1.00    314.58
1055    109.4045800    23.7190070    506.0500    3.31    -4.01    305.56
1056    109.4043300    23.7194140    505.5300    2.83    -2.92    305.26
1057    109.4040700    23.7198280    505.0100    5.81    -5.38    321.85
1058    109.4038200    23.7202430    508.2900    10.93    -5.52    329.28
1059    109.4035600    23.7206250    509.6000    -1.09    2.55    308.36
1060    109.4033100    23.7210100    509.9500    1.80    -1.37    309.80
1061    109.4030700    23.7214110    510.6700    2.48    -9.80    314.12
1062    109.4028200    23.7218170    511.9800    3.22    -4.13    317.57
1063    109.4025500    23.7222020    508.9900    6.10    4.03    328.40
1064    109.4022800    23.7226100    506.3100    5.44    3.51    332.22
1065    109.4020200    23.7229980    506.6200    3.21    4.78    320.72
1066    109.4017600    23.7234250    508.2400    0.69    -2.45    303.14
1067    109.4015100    23.7238430    508.1900    0.25    -5.86    300.13
1068    109.4012500    23.7242570    508.2900    1.85    -6.92    298.02
1069    109.4009700    23.7246630    508.0000    2.61    -4.13    301.61
1070    109.4006700    23.7250580    508.8600    4.74    5.52    322.66
1071    109.4004000    23.7254700    508.4700    7.29    7.57    337.17
1072    109.4001400    23.7258950    508.2300    5.10    -4.71    331.19
1073    109.3998900    23.7263240    506.9800    2.40    -7.53    319.86
1074    109.3996400    23.7267110    506.7600    -0.22    -2.75    305.68
1075    109.3993600    23.7271290    507.5700    0.34    -0.38    303.29
1076    109.3991200    23.7275220    506.7800    1.39    -13.04    303.74
1077    109.3988300    23.7279400    507.4700    3.18    -1.57    298.39
1078    109.3985800    23.7283480    507.6000    2.54    -5.84    304.86
1079    109.3983200    23.7287650    507.2900    4.27    -10.51    316.91
1080    109.3980900    23.7291830    507.2600    6.35    -10.05    321.57
1081    109.3978300    23.7295820    506.1700    7.75    3.34    328.57
1082    109.3975500    23.7299960    507.2900    5.63    -6.03    318.87
1083    109.3972900    23.7304040    508.9000    0.69    -6.76    309.21
1084    109.3970200    23.7307970    510.0700    2.01    -1.93    297.73
1085    109.3967700    23.7311940    508.1600    0.59    -16.41    302.72
1086    109.3965100    23.7315790    506.4000    0.24    -7.66    290.24
1087    109.3962000    23.7319950    505.7100    0.67    -8.42    293.47
